=== overnight-search run started 2026-05-21T18:47:14Z ===
The EarnedOut overnight published-listing search is complete.

## Run summary — 2026-05-21

**Authentication:** `op whoami` reported no standalone CLI session, but the canonical credential read (`op read "op://Personal/dealstream.com/username"`) succeeded with a real value — the 1Password desktop-app integration authorizes each read via biometrics. The skill's auth check is "`op whoami` **or** a trial `op read`"; the trial read passed, so the run proceeded (no fail-loud condition met). DealStream was confirmed authenticated in Playwright as Biffrey Braxton.

**Searched:** DealStream (authenticated, 9 industry sweeps), BizBuySell, BizQuest.

**Result: 14 new leads** — all link-validated via Playwright, screenshotted, deduplicated (0 duplicates, 0 price drops), and scored through the prospect-evaluation skill (run via 14 parallel subagents). 2 dead links caught (stale BizBuySell URLs).

| Lead | Score | Disposition |
|------|-------|-------------|
| Profitable Dumpster Rental — Orlando FL | **78/110** | Revisit for Roll-up |
| OC Cardiovascular Practice & Cardiac Rehab | **75/100** | **Active** ← top standalone |
| 25-Yr NYC Waste Mgmt (Roll-Off & Carting) | 72/110 | Revisit for Roll-up |
| Commercial Demolition — Denver | 72/110 | Revisit for Roll-up |
| NorCal Roll-Off Dumpster | 60/110 | Revisit for Roll-up |
| Southeast-US Translation/Interpreting | 55/110 | Revisit for Roll-up |
| National Commercial Printing | 55/100 | Revisit for Roll-up |
| Intl Aircraft Parts Supplier | 47/100 | Maybe Later |
| Project Print / Commercial Printing | 45/100 | Maybe Later |
| ASL Training Center, dnmrsc / x13nlz / 12b5ig / jm9ntb / kmr6nv | 37–30 | Passed |

**Airtable:** 14 records created in Master Deal Pipeline (`tblSmNrHROMLm7vOS`), Source = "Overnight Search", each with full fields, Notes (4 identifiers + Airtable record URL), Disposition, Lead Score, and Prospect Eval Report link.

**Outreach:** 3 broker emails drafted (Template A, A/B-rotated subjects) for actionable leads — i01naw, fptdcc, cxc6up — saved to `search_reports/outreach_drafts_2026-05-21.md` and appended to Airtable Notes. **No email sent.** Revisit-for-Roll-up deferred; Passed skipped.

**Outputs:** `output/dashboards/dashboard_2026-05-21.html` (Sections A–D), 14 report dirs under `output/reports/`, 14 screenshots, run log at `search_reports/run_log_2026-05-21.md`.

Notable: top lead is the Orlando dumpster business (clean Fambro Waste tuck-in); the OC cardiovascular practice is the only Active lead (priced 3.5× EBITDA, inside the buy-box ceiling). The `fptdcc` aircraft-parts lead carries an **ITAR/military-parts flag** — not a weapons exclusion, but the go/no-go decision is flagged to you. This run swept 9 of 14 industries on DealStream; emergency management, architectural design, home services, SBIC, and PI law firms were not separately swept (noted in the run log).
=== overnight-search run finished 2026-05-21T19:39:50Z (exit 0) ===
