=== overnight-search run started 2026-05-22T06:37:05Z ===

[2026-05-22T02:37Z] STEP 1 AUTHENTICATE — FAILED (fail-loud)
  Check: `op whoami`
  Result: exit 1 — "account is not signed in"
  Detail: op CLI v2.33.1 is installed; account my.1password.com (bb@braxton.ai)
          is registered, but there is NO active CLI session.
  Action: ABORTED before any platform search. DealStream NOT contacted.
          No fallback to cached/blank/hard-coded credentials (per skill policy).
  Remediation: run `op signin` in an interactive terminal (biometric/password),
          then re-run the overnight search.
=== overnight-search run ABORTED 2026-05-22T02:37Z — 1Password not signed in ===
# 🛑 Overnight Search ABORTED — 1Password CLI not signed in

The run **failed loud and stopped at Step 1 (Authenticate)**, exactly as the skill's credential policy requires. No platform was searched.

## What failed

```
$ op whoami
[ERROR] 2026/05/22 02:37:21 account is not signed in   (exit 1)
```

| Check | Result |
|-------|--------|
| `op` installed | ✅ v2.33.1 |
| Account registered | ✅ `my.1password.com` / `bb@braxton.ai` |
| **Active CLI session** | ❌ **not signed in** |

The CLI is installed and your account is configured, but there is **no active `op` session** — so `op read "op://Personal/dealstream.com/username"` would fail.

## Why I stopped (did not continue)

The overnight-search skill mandates **fail-loud** on auth failure, and you explicitly instructed the same. I did **not**:
- proceed to DealStream unauthenticated (silently returns incomplete/zero results), or
- fall back to cached, blank, or hard-coded credentials.

Nothing was searched, no Airtable records were touched, no outreach drafted, no dashboard generated. The abort is recorded in `output/logs/overnight-search_2026-05-22.log`.

I can't run `op signin` for you — it needs an interactive biometric/password prompt that I can't drive from here.

## To fix and re-run

In your terminal:

```bash
op signin          # complete the Touch ID / password prompt
op whoami          # should now print your account, exit 0
```

Then tell me to **run the overnight search** again and I'll pick up from Step 1.

> Tip: enable 1Password → Settings → Developer → "Integrate with 1Password CLI" so future sessions unlock via biometrics without a manual sign-in.
=== overnight-search run finished 2026-05-22T06:37:51Z (exit 0) ===
